        -:    0:Source:src/EchoHandler.cc
        -:    0:Graph:src/EchoHandler.gcno
        -:    0:Data:src/EchoHandler.gcda
        -:    0:Runs:1
        -:    0:Programs:1
        -:    1:#include "EchoHandler.h"
        -:    2:
        1:    3:RequestHandler::Status EchoHandler::HandleRequest(const Request& request,
        -:    4:                     Response* response) {
        1:    5:    response->SetStatus(Response::ok);
        1:    6:    response->SetVersion("HTTP/1.0");
        1:    7:    response->AddHeader("Content-Type", "text/plain");
        1:    8:    response->SetBody(request.raw_request());
        -:    9:
        1:   10:    return RequestHandler::OK;
        -:   11:}
        -:   12:
        1:   13:RequestHandler::Status EchoHandler::Init(const std::string& uri_prefix,
        -:   14:            const NginxConfig& config) {
        1:   15:    uri_prefix_ = uri_prefix;
        1:   16:    return OK;
        3:   17:}
