        -:    0:Source:src/EchoHandler.h
        -:    0:Graph:src/EchoHandler.gcno
        -:    0:Data:src/EchoHandler.gcda
        -:    0:Runs:1
        -:    0:Programs:1
        -:    1:#ifndef ECHOHANDLER_H
        -:    2:#define  ECHOHANDLER_H
        -:    3:
        -:    4:#include "RequestHandler.h"
        -:    5:#include "gtest/gtest_prod.h"
        2:    6:class EchoHandler : public RequestHandler {
        -:    7:public:
        -:    8:    Status HandleRequest(const Request& request, Response* response);
        -:    9:    Status Init(const std::string& uri_prefix, const NginxConfig& config);
        -:   10:
        -:   11:private:
        -:   12:    std::string uri_prefix_;
        -:   13:    FRIEND_TEST(EchoHandler_test,init_test);
        -:   14:};
        -:   15:
        1:   16:REGISTER_REQUEST_HANDLER(EchoHandler);
        -:   17:
        -:   18:#endif
