        -:    0:Source:mime_types_test.cpp
        -:    0:Graph:mime_types_test.gcno
        -:    0:Data:mime_types_test.gcda
        -:    0:Runs:1
        -:    0:Programs:1
        -:    1:#include "gtest/gtest.h"
        -:    2:#include "mime_types.hpp"
        -:    3:
        -:    4:using namespace std;
        -:    5:
        5:    6:TEST(mime_types_test,test1){
        1:    7:	string extension="jpg";
        2:    8:	string mime_type=mime_types::extension_to_type(extension);
        2:    9:	EXPECT_EQ(mime_type,"image/jpeg");
        1:   10:}
        -:   11:
        5:   12:TEST(mime_types_test,test2){
        1:   13:	string extension="htm";
        2:   14:	string mime_type=mime_types::extension_to_type(extension);
        2:   15:	EXPECT_EQ(mime_type,"text/html");
        4:   16:}
